- 11:47:47.200 INFO: Loaded texture: starfield.png
- 11:47:47.200 INFO: Loaded font: sansation.ttf
- 11:47:47.209 DEBUG: Initialised Game Engine.
- 11:47:48.373 WARNING: Position: 61,58 :: 282,242
- 11:47:48.374 WARNING: 200,200 | 2,2
- 11:47:48.374 WARNING: 200,260 | 100,25
- 11:47:48.374 WARNING: 200,230 | 2,2
- 11:47:48.691 WARNING: Position: 61,58 :: 276,251
- 11:47:48.692 WARNING: 200,200 | 2,2
- 11:47:48.692 WARNING: 200,260 | 100,25
- 11:47:48.692 WARNING: 200,230 | 2,2
- 11:47:48.876 WARNING: Position: 61,58 :: 230,259
- 11:47:48.876 WARNING: 200,200 | 2,2
- 11:47:48.876 WARNING: 200,260 | 100,25
- 11:47:48.876 WARNING: 200,230 | 2,2
- 11:47:49.093 WARNING: Position: 61,58 :: 128,227
- 11:47:49.093 WARNING: 200,200 | 2,2
- 11:47:49.093 WARNING: 200,260 | 100,25
- 11:47:49.093 WARNING: 200,230 | 2,2
- 11:47:49.261 WARNING: Position: 61,58 :: 135,230
- 11:47:49.261 WARNING: 200,200 | 2,2
- 11:47:49.261 WARNING: 200,260 | 100,25
- 11:47:49.261 WARNING: 200,230 | 2,2
- 11:47:49.528 WARNING: Position: 61,58 :: 254,257
- 11:47:49.528 WARNING: 200,200 | 2,2
- 11:47:49.528 WARNING: 200,260 | 100,25
- 11:47:49.528 WARNING: 200,230 | 2,2
- 11:47:49.696 WARNING: Position: 61,58 :: 255,257
- 11:47:49.696 WARNING: 200,200 | 2,2
- 11:47:49.696 WARNING: 200,260 | 100,25
- 11:47:49.696 WARNING: 200,230 | 2,2
- 11:47:49.846 WARNING: Position: 61,58 :: 256,257
- 11:47:49.846 WARNING: 200,200 | 2,2
- 11:47:49.846 WARNING: 200,260 | 100,25
- 11:47:49.846 WARNING: 200,230 | 2,2
- 11:47:49.980 WARNING: Position: 61,58 :: 275,251
- 11:47:49.980 WARNING: 200,200 | 2,2
- 11:47:49.980 WARNING: 200,260 | 100,25
- 11:47:49.980 WARNING: 200,230 | 2,2
- 11:47:51.184 DEBUG: Destroyed Game Engine.
- 11:48:21.400 INFO: Loaded texture: starfield.png
- 11:48:21.400 INFO: Loaded font: sansation.ttf
- 11:48:21.410 DEBUG: Initialised Game Engine.
- 11:48:22.109 WARNING: Position: 61,58 :: 183,202
- 11:48:22.109 WARNING: 200,200 | 2,2
- 11:48:22.110 WARNING: 200,260 | 100,25
- 11:48:22.110 WARNING: 200,230 | 2,2
- 11:48:22.444 WARNING: Position: 61,58 :: 219,222
- 11:48:22.445 WARNING: 200,200 | 2,2
- 11:48:22.445 WARNING: 200,260 | 100,25
- 11:48:22.445 WARNING: 200,230 | 2,2
- 11:48:22.646 WARNING: Position: 61,58 :: 236,227
- 11:48:22.646 WARNING: 200,200 | 2,2
- 11:48:22.646 WARNING: 200,260 | 100,25
- 11:48:22.646 WARNING: 200,230 | 2,2
- 11:48:22.814 WARNING: Position: 61,58 :: 238,229
- 11:48:22.814 WARNING: 200,200 | 2,2
- 11:48:22.814 WARNING: 200,260 | 100,25
- 11:48:22.815 WARNING: 200,230 | 2,2
- 11:48:22.999 WARNING: Position: 61,58 :: 235,234
- 11:48:22.999 WARNING: 200,200 | 2,2
- 11:48:22.999 WARNING: 200,260 | 100,25
- 11:48:22.999 WARNING: 200,230 | 2,2
- 11:48:23.184 WARNING: Position: 61,58 :: 226,240
- 11:48:23.184 WARNING: 200,200 | 2,2
- 11:48:23.184 WARNING: 200,260 | 100,25
- 11:48:23.184 WARNING: 200,230 | 2,2
- 11:48:23.419 WARNING: Position: 61,58 :: 238,264
- 11:48:23.419 WARNING: 200,200 | 2,2
- 11:48:23.419 WARNING: 200,260 | 100,25
- 11:48:23.419 WARNING: BUTTON PRESSED!
- 11:48:25.380 INFO: Loaded texture: starfield.png
- 11:48:25.380 INFO: Loaded font: sansation.ttf
- 11:48:25.390 DEBUG: Initialised Game Engine.
- 11:48:26.013 WARNING: Position: 61,58 :: 248,247
- 11:48:26.013 WARNING: 200,200 | 2,2
- 11:48:26.014 WARNING: 200,260 | 100,25
- 11:48:26.014 WARNING: 200,230 | 2,2
- 11:48:26.197 WARNING: Position: 61,58 :: 248,247
- 11:48:26.197 WARNING: 200,200 | 2,2
- 11:48:26.197 WARNING: 200,260 | 100,25
- 11:48:26.198 WARNING: 200,230 | 2,2
- 11:48:26.532 WARNING: Position: 61,58 :: 248,247
- 11:48:26.532 WARNING: 200,200 | 2,2
- 11:48:26.532 WARNING: 200,260 | 100,25
- 11:48:26.532 WARNING: 200,230 | 2,2
- 11:48:26.700 WARNING: Position: 61,58 :: 248,247
- 11:48:26.700 WARNING: 200,200 | 2,2
- 11:48:26.700 WARNING: 200,260 | 100,25
- 11:48:26.700 WARNING: 200,230 | 2,2
- 11:48:26.967 WARNING: Position: 61,58 :: 247,248
- 11:48:26.967 WARNING: 200,200 | 2,2
- 11:48:26.967 WARNING: 200,260 | 100,25
- 11:48:26.967 WARNING: 200,230 | 2,2
- 11:48:27.135 WARNING: Position: 61,58 :: 247,248
- 11:48:27.135 WARNING: 200,200 | 2,2
- 11:48:27.135 WARNING: 200,260 | 100,25
- 11:48:27.135 WARNING: 200,230 | 2,2
- 11:48:28.055 DEBUG: Destroyed Game Engine.
- 11:54:43.245 INFO: Loaded texture: starfield.png
- 11:54:43.245 INFO: Loaded font: sansation.ttf
- 11:54:43.253 DEBUG: Initialised Game Engine.
- 11:54:44.238 WARNING: Position: 61,58 :: 219,262
- 11:54:44.238 WARNING: 200,200 | 2,2
- 11:54:44.238 WARNING: 200,260 | 100,25
- 11:54:44.238 WARNING: BUTTON PRESSED!
- 11:56:48.568 INFO: Loaded texture: starfield.png
- 11:56:48.568 INFO: Loaded font: sansation.ttf
- 11:56:48.580 DEBUG: Initialised Game Engine.
- 11:56:49.396 WARNING: Position: 61,58 :: 258,218
- 11:56:49.396 WARNING: 200,200 | 2,2
- 11:56:49.396 WARNING: 200,260 | 100,25
- 11:56:49.396 WARNING: 200,230 | 2,2
- 11:56:49.581 WARNING: Position: 61,58 :: 250,216
- 11:56:49.582 WARNING: 200,200 | 2,2
- 11:56:49.582 WARNING: 200,260 | 100,25
- 11:56:49.582 WARNING: 200,230 | 2,2
- 11:56:49.749 WARNING: Position: 61,58 :: 226,225
- 11:56:49.749 WARNING: 200,200 | 2,2
- 11:56:49.749 WARNING: 200,260 | 100,25
- 11:56:49.749 WARNING: 200,230 | 2,2
- 11:56:49.900 WARNING: Position: 61,58 :: 217,229
- 11:56:49.900 WARNING: 200,200 | 2,2
- 11:56:49.900 WARNING: 200,260 | 100,25
- 11:56:49.900 WARNING: 200,230 | 2,2
- 11:56:50.051 WARNING: Position: 61,58 :: 217,229
- 11:56:50.051 WARNING: 200,200 | 2,2
- 11:56:50.052 WARNING: 200,260 | 100,25
- 11:56:50.052 WARNING: 200,230 | 2,2
- 11:56:50.219 WARNING: Position: 61,58 :: 219,228
- 11:56:50.220 WARNING: 200,200 | 2,2
- 11:56:50.220 WARNING: 200,260 | 100,25
- 11:56:50.220 WARNING: 200,230 | 2,2
- 11:56:50.387 WARNING: Position: 61,58 :: 292,252
- 11:56:50.387 WARNING: 200,200 | 2,2
- 11:56:50.387 WARNING: 200,260 | 100,25
- 11:56:50.387 WARNING: 200,230 | 2,2
- 11:56:50.521 WARNING: Position: 61,58 :: 310,252
- 11:56:50.521 WARNING: 200,200 | 2,2
- 11:56:50.521 WARNING: 200,260 | 100,25
- 11:56:50.521 WARNING: 200,230 | 2,2
- 11:56:50.706 WARNING: Position: 61,58 :: 206,213
- 11:56:50.706 WARNING: 200,200 | 2,2
- 11:56:50.706 WARNING: 200,260 | 100,25
- 11:56:50.706 WARNING: 200,230 | 2,2
- 11:56:50.890 WARNING: Position: 61,58 :: 195,190
- 11:56:50.890 WARNING: 200,200 | 2,2
- 11:56:50.891 WARNING: 200,260 | 100,25
- 11:56:50.891 WARNING: 200,230 | 2,2
- 11:56:51.058 WARNING: Position: 61,58 :: 261,186
- 11:56:51.058 WARNING: 200,200 | 2,2
- 11:56:51.058 WARNING: 200,260 | 100,25
- 11:56:51.058 WARNING: 200,230 | 2,2
- 11:56:51.226 WARNING: Position: 61,58 :: 300,204
- 11:56:51.226 WARNING: 200,200 | 2,2
- 11:56:51.226 WARNING: 200,260 | 100,25
- 11:56:51.226 WARNING: 200,230 | 2,2
- 11:56:51.411 WARNING: Position: 61,58 :: 283,217
- 11:56:51.411 WARNING: 200,200 | 2,2
- 11:56:51.411 WARNING: 200,260 | 100,25
- 11:56:51.411 WARNING: 200,230 | 2,2
- 11:56:51.578 WARNING: Position: 61,58 :: 223,219
- 11:56:51.578 WARNING: 200,200 | 2,2
- 11:56:51.578 WARNING: 200,260 | 100,25
- 11:56:51.578 WARNING: 200,230 | 2,2
- 11:56:51.763 WARNING: Position: 61,58 :: 179,221
- 11:56:51.763 WARNING: 200,200 | 2,2
- 11:56:51.763 WARNING: 200,260 | 100,25
- 11:56:51.763 WARNING: 200,230 | 2,2
- 11:56:51.930 WARNING: Position: 61,58 :: 177,219
- 11:56:51.931 WARNING: 200,200 | 2,2
- 11:56:51.931 WARNING: 200,260 | 100,25
- 11:56:51.931 WARNING: 200,230 | 2,2
- 11:56:52.132 WARNING: Position: 61,58 :: 242,193
- 11:56:52.132 WARNING: 200,200 | 2,2
- 11:56:52.132 WARNING: 200,260 | 100,25
- 11:56:52.132 WARNING: 200,230 | 2,2
- 11:56:52.333 WARNING: Position: 61,58 :: 296,206
- 11:56:52.333 WARNING: 200,200 | 2,2
- 11:56:52.333 WARNING: 200,260 | 100,25
- 11:56:52.333 WARNING: 200,230 | 2,2
- 11:56:52.500 WARNING: Position: 61,58 :: 266,246
- 11:56:52.500 WARNING: 200,200 | 2,2
- 11:56:52.500 WARNING: 200,260 | 100,25
- 11:56:52.500 WARNING: 200,230 | 2,2
- 11:56:52.667 WARNING: Position: 61,58 :: 182,220
- 11:56:52.667 WARNING: 200,200 | 2,2
- 11:56:52.667 WARNING: 200,260 | 100,25
- 11:56:52.667 WARNING: 200,230 | 2,2
- 11:56:52.835 WARNING: Position: 61,58 :: 202,190
- 11:56:52.835 WARNING: 200,200 | 2,2
- 11:56:52.835 WARNING: 200,260 | 100,25
- 11:56:52.835 WARNING: 200,230 | 2,2
- 11:56:52.002 WARNING: Position: 61,58 :: 272,216
- 11:56:52.003 WARNING: 200,200 | 2,2
- 11:56:52.003 WARNING: 200,260 | 100,25
- 11:56:52.003 WARNING: 200,230 | 2,2
- 11:56:53.136 WARNING: Position: 61,58 :: 272,216
- 11:56:53.136 WARNING: 200,200 | 2,2
- 11:56:53.136 WARNING: 200,260 | 100,25
- 11:56:53.136 WARNING: 200,230 | 2,2
- 11:56:53.972 DEBUG: Destroyed Game Engine.
- 11:58:37.289 INFO: Loaded texture: starfield.png
- 11:58:37.289 INFO: Loaded font: sansation.ttf
- 11:58:37.297 DEBUG: Initialised Game Engine.
- 11:58:39.211 WARNING: Position: 61,58 :: 201,240
- 11:58:39.211 WARNING: 200,200 | 2,2
- 11:58:39.211 WARNING: 200,260 | 100,25
- 11:58:39.212 WARNING: 200,230 | 2,2
- 11:58:39.396 WARNING: Position: 61,58 :: 201,240
- 11:58:39.396 WARNING: 200,200 | 2,2
- 11:58:39.396 WARNING: 200,260 | 100,25
- 11:58:39.396 WARNING: 200,230 | 2,2
- 11:58:39.530 WARNING: Position: 61,58 :: 201,240
- 11:58:39.530 WARNING: 200,200 | 2,2
- 11:58:39.531 WARNING: 200,260 | 100,25
- 11:58:39.531 WARNING: 200,230 | 2,2
- 11:58:39.682 WARNING: Position: 61,58 :: 201,240
- 11:58:39.682 WARNING: 200,200 | 2,2
- 11:58:39.682 WARNING: 200,260 | 100,25
- 11:58:39.682 WARNING: 200,230 | 2,2
- 11:58:39.832 WARNING: Position: 61,58 :: 201,240
- 11:58:39.833 WARNING: 200,200 | 2,2
- 11:58:39.833 WARNING: 200,260 | 100,25
- 11:58:39.833 WARNING: 200,230 | 2,2
- 11:58:39.966 WARNING: Position: 61,58 :: 201,240
- 11:58:39.967 WARNING: 200,200 | 2,2
- 11:58:39.967 WARNING: 200,260 | 100,25
- 11:58:39.967 WARNING: 200,230 | 2,2
- 11:58:40.836 DEBUG: Destroyed Game Engine.
- 11:59:38.528 INFO: Loaded texture: starfield.png
- 11:59:38.528 INFO: Loaded font: sansation.ttf
- 11:59:38.543 DEBUG: Initialised Game Engine.
- 11:59:40.365 WARNING: Position: 61,58 :: 200,238
- 11:59:40.365 WARNING: 200,200 | 2,2
- 11:59:40.365 WARNING: 200,260 | 100,25
- 11:59:40.365 WARNING: 200,230 | 2,2
- 11:59:40.539 WARNING: Position: 61,58 :: 201,238
- 11:59:40.539 WARNING: 200,200 | 2,2
- 11:59:40.539 WARNING: 200,260 | 100,25
- 11:59:40.539 WARNING: 200,230 | 2,2
- 11:59:40.690 WARNING: Position: 61,58 :: 201,238
- 11:59:40.690 WARNING: 200,200 | 2,2
- 11:59:40.690 WARNING: 200,260 | 100,25
- 11:59:40.690 WARNING: 200,230 | 2,2
- 11:59:40.841 WARNING: Position: 61,58 :: 201,239
- 11:59:40.841 WARNING: 200,200 | 2,2
- 11:59:40.841 WARNING: 200,260 | 100,25
- 11:59:40.842 WARNING: 200,230 | 2,2
- 11:59:42.065 WARNING: Position: 61,58 :: 300,260
- 11:59:42.065 WARNING: 200,200 | 2,2
- 11:59:42.065 WARNING: 200,260 | 100,25
- 11:59:42.065 WARNING: 200,230 | 2,2
- 11:59:42.232 WARNING: Position: 61,58 :: 300,260
- 11:59:42.232 WARNING: 200,200 | 2,2
- 11:59:42.232 WARNING: 200,260 | 100,25
- 11:59:42.232 WARNING: 200,230 | 2,2
- 11:59:42.366 WARNING: Position: 61,58 :: 300,260
- 11:59:42.366 WARNING: 200,200 | 2,2
- 11:59:42.366 WARNING: 200,260 | 100,25
- 11:59:42.366 WARNING: 200,230 | 2,2
- 11:59:42.500 WARNING: Position: 61,58 :: 300,260
- 11:59:42.500 WARNING: 200,200 | 2,2
- 11:59:42.500 WARNING: 200,260 | 100,25
- 11:59:42.500 WARNING: 200,230 | 2,2
- 11:59:43.956 DEBUG: Destroyed Game Engine.
- 12:02:18.370 INFO: Loaded texture: starfield.png
- 12:02:18.370 INFO: Loaded font: sansation.ttf
- 12:02:18.386 DEBUG: Initialised Game Engine.
- 12:02:19.251 WARNING: Position: 61,58 :: 239,248
- 12:02:19.252 WARNING: 200,200 | 2,2
- 12:02:19.252 WARNING: 200,260 | 100,25
- 12:02:19.252 WARNING: 200,230 | 2,2
- 12:02:19.729 WARNING: Position: 61,58 :: 207,253
- 12:02:19.729 WARNING: 200,200 | 2,2
- 12:02:19.729 WARNING: 200,260 | 100,25
- 12:02:19.729 WARNING: 200,230 | 2,2
- 12:02:19.914 WARNING: Position: 61,58 :: 207,253
- 12:02:19.914 WARNING: 200,200 | 2,2
- 12:02:19.914 WARNING: 200,260 | 100,25
- 12:02:19.914 WARNING: 200,230 | 2,2
- 12:02:20.165 WARNING: Position: 61,58 :: 254,287
- 12:02:20.165 WARNING: 200,200 | 2,2
- 12:02:20.165 WARNING: 200,260 | 100,25
- 12:02:20.165 WARNING: 200,230 | 2,2
- 12:02:20.367 WARNING: Position: 61,58 :: 253,290
- 12:02:20.367 WARNING: 200,200 | 2,2
- 12:02:20.367 WARNING: 200,260 | 100,25
- 12:02:20.367 WARNING: 200,230 | 2,2
- 12:02:20.551 WARNING: Position: 61,58 :: 216,249
- 12:02:20.551 WARNING: 200,200 | 2,2
- 12:02:20.551 WARNING: 200,260 | 100,25
- 12:02:20.551 WARNING: 200,230 | 2,2
- 12:02:20.736 WARNING: Position: 61,58 :: 207,239
- 12:02:20.736 WARNING: 200,200 | 2,2
- 12:02:20.736 WARNING: 200,260 | 100,25
- 12:02:20.736 WARNING: 200,230 | 2,2
- 12:02:20.904 WARNING: Position: 61,58 :: 218,221
- 12:02:20.904 WARNING: 200,200 | 2,2
- 12:02:20.904 WARNING: 200,260 | 100,25
- 12:02:20.904 WARNING: 200,230 | 2,2
- 12:02:21.089 WARNING: Position: 61,58 :: 236,194
- 12:02:21.089 WARNING: 200,200 | 2,2
- 12:02:21.089 WARNING: 200,260 | 100,25
- 12:02:21.089 WARNING: 200,230 | 2,2
- 12:02:21.256 WARNING: Position: 61,58 :: 221,179
- 12:02:21.256 WARNING: 200,200 | 2,2
- 12:02:21.257 WARNING: 200,260 | 100,25
- 12:02:21.257 WARNING: 200,230 | 2,2
- 12:02:21.441 WARNING: Position: 61,58 :: 185,136
- 12:02:21.441 WARNING: 200,200 | 2,2
- 12:02:21.441 WARNING: 200,260 | 100,25
- 12:02:21.441 WARNING: 200,230 | 2,2
- 12:02:21.642 WARNING: Position: 61,58 :: 162,215
- 12:02:21.642 WARNING: 200,200 | 2,2
- 12:02:21.642 WARNING: 200,260 | 100,25
- 12:02:21.642 WARNING: 200,230 | 2,2
- 12:02:21.826 WARNING: Position: 61,58 :: 155,259
- 12:02:21.826 WARNING: 200,200 | 2,2
- 12:02:21.826 WARNING: 200,260 | 100,25
- 12:02:21.826 WARNING: 200,230 | 2,2
- 12:02:21.993 WARNING: Position: 61,58 :: 202,292
- 12:02:21.993 WARNING: 200,200 | 2,2
- 12:02:21.993 WARNING: 200,260 | 100,25
- 12:02:21.993 WARNING: 200,230 | 2,2
- 12:02:22.161 WARNING: Position: 61,58 :: 271,298
- 12:02:22.161 WARNING: 200,200 | 2,2
- 12:02:22.161 WARNING: 200,260 | 100,25
- 12:02:22.161 WARNING: 200,230 | 2,2
- 12:02:22.345 WARNING: Position: 61,58 :: 284,260
- 12:02:22.345 WARNING: 200,200 | 2,2
- 12:02:22.345 WARNING: 200,260 | 100,25
- 12:02:22.345 WARNING: BUTTON PRESSED!
- 12:02:58.562 INFO: Loaded texture: starfield.png
- 12:02:58.563 INFO: Loaded font: sansation.ttf
- 12:02:58.575 DEBUG: Initialised Game Engine.
- 12:03:00.403 WARNING: Position: 61,58 :: 201,239
- 12:03:00.403 WARNING: 200,200 | 2,2
- 12:03:00.403 WARNING: 200,260 | 100,25
- 12:03:00.403 WARNING: 200,230 | 2,2
- 12:03:01.943 WARNING: Position: 61,58 :: 298,239
- 12:03:01.943 WARNING: 200,200 | 2,2
- 12:03:01.943 WARNING: 200,260 | 100,25
- 12:03:01.943 WARNING: 200,230 | 2,2
- 12:03:03.048 WARNING: Position: 61,58 :: 299,258
- 12:03:03.048 WARNING: 200,200 | 2,2
- 12:03:03.049 WARNING: 200,260 | 100,25
- 12:03:03.049 WARNING: 200,230 | 2,2
- 12:03:04.237 WARNING: Position: 61,58 :: 204,261
- 12:03:04.237 WARNING: 200,200 | 2,2
- 12:03:04.237 WARNING: 200,260 | 100,25
- 12:03:04.237 WARNING: BUTTON PRESSED!
- 12:04:20.576 INFO: Loaded texture: starfield.png
- 12:04:20.576 INFO: Loaded font: sansation.ttf
- 12:04:20.586 DEBUG: Initialised Game Engine.
- 12:04:21.471 WARNING: Position: 61,58 :: 260,251
- 12:04:21.471 WARNING: 200,200 | 2,2
- 12:04:21.471 WARNING: 200,260 | 100,25
- 12:04:21.471 WARNING: BUTTON PRESSED!
- 15:25:30.917 INFO: Loaded texture: starfield.png
- 15:25:30.917 INFO: Loaded font: sansation.ttf
- 15:25:30.926 DEBUG: Initialised Game Engine.
- 15:25:32.750 WARNING: Position: 61,58 :: 282,259
- 15:25:32.751 WARNING: 200,200 | 2,2
- 15:25:32.751 WARNING: 200,260 | 100,25
- 15:25:32.751 WARNING: BUTTON PRESSED!
- 15:39:45.411 INFO: Loaded texture: starfield.png
- 15:39:45.412 INFO: Loaded font: sansation.ttf
- 15:39:45.425 DEBUG: Initialised Game Engine.
- 15:39:46.892 DEBUG: Destroyed Game Engine.
- 15:41:12.384 INFO: Loaded texture: starfield.png
- 15:41:12.384 INFO: Loaded font: sansation.ttf
- 15:41:12.397 DEBUG: Initialised Game Engine.
- 15:41:13.798 WARNING: Position: 61,58 :: 215,285
- 15:41:13.798 WARNING: 200,200 | 2,2
- 15:41:13.798 WARNING: 200,260 | 100,25
- 15:41:13.798 WARNING: 200,230 | 2,2
- 15:41:13.798 WARNING: 200,290 | 100,25
- 15:41:13.798 WARNING: CONTROL BUTTON PRESSED!
- 15:41:13.799 WARNING: Percentage: 0.15
- 15:41:14.134 WARNING: Position: 61,58 :: 219,278
- 15:41:14.134 WARNING: 200,200 | 2,2
- 15:41:14.134 WARNING: 200,260 | 100,25
- 15:41:14.134 WARNING: 200,230 | 2,2
- 15:41:14.134 WARNING: 200,290 | 100,25
- 15:41:14.134 WARNING: CONTROL BUTTON PRESSED!
- 15:41:14.134 WARNING: Percentage: 0.19
- 15:41:14.369 WARNING: Position: 61,58 :: 256,288
- 15:41:14.369 WARNING: 200,200 | 2,2
- 15:41:14.369 WARNING: 200,260 | 100,25
- 15:41:14.369 WARNING: 200,230 | 2,2
- 15:41:14.369 WARNING: 200,290 | 100,25
- 15:41:14.369 WARNING: CONTROL BUTTON PRESSED!
- 15:41:14.369 WARNING: Percentage: 0.56
- 15:41:14.604 WARNING: Position: 61,58 :: 295,279
- 15:41:14.604 WARNING: 200,200 | 2,2
- 15:41:14.604 WARNING: 200,260 | 100,25
- 15:41:14.604 WARNING: 200,230 | 2,2
- 15:41:14.604 WARNING: 200,290 | 100,25
- 15:41:14.604 WARNING: CONTROL BUTTON PRESSED!
- 15:41:14.604 WARNING: Percentage: 0.95
- 15:41:14.806 WARNING: Position: 61,58 :: 311,278
- 15:41:14.806 WARNING: 200,200 | 2,2
- 15:41:14.806 WARNING: 200,260 | 100,25
- 15:41:14.806 WARNING: 200,230 | 2,2
- 15:41:14.806 WARNING: 200,290 | 100,25
- 15:41:15.091 WARNING: Position: 61,58 :: 305,278
- 15:41:15.091 WARNING: 200,200 | 2,2
- 15:41:15.091 WARNING: 200,260 | 100,25
- 15:41:15.091 WARNING: 200,230 | 2,2
- 15:41:15.091 WARNING: 200,290 | 100,25
- 15:41:15.275 WARNING: Position: 61,58 :: 276,278
- 15:41:15.275 WARNING: 200,200 | 2,2
- 15:41:15.275 WARNING: 200,260 | 100,25
- 15:41:15.275 WARNING: 200,230 | 2,2
- 15:41:15.275 WARNING: 200,290 | 100,25
- 15:41:15.275 WARNING: CONTROL BUTTON PRESSED!
- 15:41:15.275 WARNING: Percentage: 0.76
- 15:41:15.459 WARNING: Position: 61,58 :: 240,277
- 15:41:15.459 WARNING: 200,200 | 2,2
- 15:41:15.459 WARNING: 200,260 | 100,25
- 15:41:15.459 WARNING: 200,230 | 2,2
- 15:41:15.459 WARNING: 200,290 | 100,25
- 15:41:15.459 WARNING: CONTROL BUTTON PRESSED!
- 15:41:15.459 WARNING: Percentage: 0.4
- 15:41:15.643 WARNING: Position: 61,58 :: 212,277
- 15:41:15.643 WARNING: 200,200 | 2,2
- 15:41:15.643 WARNING: 200,260 | 100,25
- 15:41:15.643 WARNING: 200,230 | 2,2
- 15:41:15.643 WARNING: 200,290 | 100,25
- 15:41:15.643 WARNING: CONTROL BUTTON PRESSED!
- 15:41:15.643 WARNING: Percentage: 0.12
- 15:41:15.827 WARNING: Position: 61,58 :: 199,278
- 15:41:15.827 WARNING: 200,200 | 2,2
- 15:41:15.827 WARNING: 200,260 | 100,25
- 15:41:15.827 WARNING: 200,230 | 2,2
- 15:41:15.827 WARNING: 200,290 | 100,25
- 15:41:15.978 WARNING: Position: 61,58 :: 244,285
- 15:41:15.978 WARNING: 200,200 | 2,2
- 15:41:15.978 WARNING: 200,260 | 100,25
- 15:41:15.978 WARNING: 200,230 | 2,2
- 15:41:15.978 WARNING: 200,290 | 100,25
- 15:41:15.978 WARNING: CONTROL BUTTON PRESSED!
- 15:41:15.978 WARNING: Percentage: 0.44
- 15:41:16.129 WARNING: Position: 61,58 :: 285,289
- 15:41:16.129 WARNING: 200,200 | 2,2
- 15:41:16.129 WARNING: 200,260 | 100,25
- 15:41:16.129 WARNING: 200,230 | 2,2
- 15:41:16.129 WARNING: 200,290 | 100,25
- 15:41:16.129 WARNING: CONTROL BUTTON PRESSED!
- 15:41:16.129 WARNING: Percentage: 0.85
- 15:41:17.518 WARNING: Position: 61,58 :: 294,270
- 15:41:17.518 WARNING: 200,200 | 2,2
- 15:41:17.518 WARNING: 200,260 | 100,25
- 15:41:17.518 WARNING: 200,230 | 2,2
- 15:41:17.518 WARNING: 200,290 | 100,25
- 15:41:17.518 WARNING: CONTROL BUTTON PRESSED!
- 15:41:17.518 WARNING: Percentage: 0.94
- 15:41:17.869 WARNING: Position: 61,58 :: 302,269
- 15:41:17.869 WARNING: 200,200 | 2,2
- 15:41:17.869 WARNING: 200,260 | 100,25
- 15:41:17.869 WARNING: 200,230 | 2,2
- 15:41:17.869 WARNING: 200,290 | 100,25
- 15:41:18.037 WARNING: Position: 61,58 :: 302,269
- 15:41:18.037 WARNING: 200,200 | 2,2
- 15:41:18.037 WARNING: 200,260 | 100,25
- 15:41:18.037 WARNING: 200,230 | 2,2
- 15:41:18.037 WARNING: 200,290 | 100,25
- 15:41:18.204 WARNING: Position: 61,58 :: 302,269
- 15:41:18.204 WARNING: 200,200 | 2,2
- 15:41:18.204 WARNING: 200,260 | 100,25
- 15:41:18.204 WARNING: 200,230 | 2,2
- 15:41:18.204 WARNING: 200,290 | 100,25
- 15:41:18.371 WARNING: Position: 61,58 :: 297,271
- 15:41:18.371 WARNING: 200,200 | 2,2
- 15:41:18.371 WARNING: 200,260 | 100,25
- 15:41:18.371 WARNING: 200,230 | 2,2
- 15:41:18.371 WARNING: 200,290 | 100,25
- 15:41:18.371 WARNING: CONTROL BUTTON PRESSED!
- 15:41:18.371 WARNING: Percentage: 0.97
- 15:41:18.522 WARNING: Position: 61,58 :: 291,272
- 15:41:18.522 WARNING: 200,200 | 2,2
- 15:41:18.522 WARNING: 200,260 | 100,25
- 15:41:18.522 WARNING: 200,230 | 2,2
- 15:41:18.522 WARNING: 200,290 | 100,25
- 15:41:18.522 WARNING: CONTROL BUTTON PRESSED!
- 15:41:18.522 WARNING: Percentage: 0.91
- 15:41:18.689 WARNING: Position: 61,58 :: 286,273
- 15:41:18.689 WARNING: 200,200 | 2,2
- 15:41:18.689 WARNING: 200,260 | 100,25
- 15:41:18.689 WARNING: 200,230 | 2,2
- 15:41:18.690 WARNING: 200,290 | 100,25
- 15:41:18.690 WARNING: CONTROL BUTTON PRESSED!
- 15:41:18.690 WARNING: Percentage: 0.86
- 15:41:18.857 WARNING: Position: 61,58 :: 280,275
- 15:41:18.857 WARNING: 200,200 | 2,2
- 15:41:18.857 WARNING: 200,260 | 100,25
- 15:41:18.857 WARNING: 200,230 | 2,2
- 15:41:18.857 WARNING: 200,290 | 100,25
- 15:41:18.857 WARNING: CONTROL BUTTON PRESSED!
- 15:41:18.857 WARNING: Percentage: 0.8
- 15:41:19.024 WARNING: Position: 61,58 :: 280,275
- 15:41:19.024 WARNING: 200,200 | 2,2
- 15:41:19.024 WARNING: 200,260 | 100,25
- 15:41:19.024 WARNING: 200,230 | 2,2
- 15:41:19.024 WARNING: 200,290 | 100,25
- 15:41:19.024 WARNING: CONTROL BUTTON PRESSED!
- 15:41:19.024 WARNING: Percentage: 0.8
- 15:41:19.175 WARNING: Position: 61,58 :: 277,276
- 15:41:19.175 WARNING: 200,200 | 2,2
- 15:41:19.175 WARNING: 200,260 | 100,25
- 15:41:19.175 WARNING: 200,230 | 2,2
- 15:41:19.175 WARNING: 200,290 | 100,25
- 15:41:19.175 WARNING: CONTROL BUTTON PRESSED!
- 15:41:19.175 WARNING: Percentage: 0.77
- 15:41:19.359 WARNING: Position: 61,58 :: 262,278
- 15:41:19.359 WARNING: 200,200 | 2,2
- 15:41:19.359 WARNING: 200,260 | 100,25
- 15:41:19.359 WARNING: 200,230 | 2,2
- 15:41:19.359 WARNING: 200,290 | 100,25
- 15:41:19.359 WARNING: CONTROL BUTTON PRESSED!
- 15:41:19.359 WARNING: Percentage: 0.62
- 15:41:19.477 WARNING: Position: 61,58 :: 259,278
- 15:41:19.477 WARNING: 200,200 | 2,2
- 15:41:19.477 WARNING: 200,260 | 100,25
- 15:41:19.477 WARNING: 200,230 | 2,2
- 15:41:19.477 WARNING: 200,290 | 100,25
- 15:41:19.477 WARNING: CONTROL BUTTON PRESSED!
- 15:41:19.477 WARNING: Percentage: 0.59
- 15:41:19.660 WARNING: Position: 61,58 :: 253,276
- 15:41:19.660 WARNING: 200,200 | 2,2
- 15:41:19.660 WARNING: 200,260 | 100,25
- 15:41:19.661 WARNING: 200,230 | 2,2
- 15:41:19.661 WARNING: 200,290 | 100,25
- 15:41:19.661 WARNING: CONTROL BUTTON PRESSED!
- 15:41:19.661 WARNING: Percentage: 0.53
- 15:41:19.844 WARNING: Position: 61,58 :: 251,276
- 15:41:19.844 WARNING: 200,200 | 2,2
- 15:41:19.845 WARNING: 200,260 | 100,25
- 15:41:19.845 WARNING: 200,230 | 2,2
- 15:41:19.845 WARNING: 200,290 | 100,25
- 15:41:19.845 WARNING: CONTROL BUTTON PRESSED!
- 15:41:19.845 WARNING: Percentage: 0.51
- 15:41:20.012 WARNING: Position: 61,58 :: 251,276
- 15:41:20.012 WARNING: 200,200 | 2,2
- 15:41:20.012 WARNING: 200,260 | 100,25
- 15:41:20.012 WARNING: 200,230 | 2,2
- 15:41:20.012 WARNING: 200,290 | 100,25
- 15:41:20.012 WARNING: CONTROL BUTTON PRESSED!
- 15:41:20.012 WARNING: Percentage: 0.51
- 15:41:20.196 WARNING: Position: 61,58 :: 256,276
- 15:41:20.196 WARNING: 200,200 | 2,2
- 15:41:20.196 WARNING: 200,260 | 100,25
- 15:41:20.196 WARNING: 200,230 | 2,2
- 15:41:20.196 WARNING: 200,290 | 100,25
- 15:41:20.196 WARNING: CONTROL BUTTON PRESSED!
- 15:41:20.196 WARNING: Percentage: 0.56
- 15:41:20.363 WARNING: Position: 61,58 :: 267,276
- 15:41:20.363 WARNING: 200,200 | 2,2
- 15:41:20.364 WARNING: 200,260 | 100,25
- 15:41:20.364 WARNING: 200,230 | 2,2
- 15:41:20.364 WARNING: 200,290 | 100,25
- 15:41:20.364 WARNING: CONTROL BUTTON PRESSED!
- 15:41:20.364 WARNING: Percentage: 0.67
- 15:41:20.547 WARNING: Position: 61,58 :: 274,277
- 15:41:20.548 WARNING: 200,200 | 2,2
- 15:41:20.548 WARNING: 200,260 | 100,25
- 15:41:20.548 WARNING: 200,230 | 2,2
- 15:41:20.548 WARNING: 200,290 | 100,25
- 15:41:20.548 WARNING: CONTROL BUTTON PRESSED!
- 15:41:20.548 WARNING: Percentage: 0.74
- 15:41:20.715 WARNING: Position: 61,58 :: 286,280
- 15:41:20.715 WARNING: 200,200 | 2,2
- 15:41:20.715 WARNING: 200,260 | 100,25
- 15:41:20.715 WARNING: 200,230 | 2,2
- 15:41:20.716 WARNING: 200,290 | 100,25
- 15:41:20.716 WARNING: CONTROL BUTTON PRESSED!
- 15:41:20.716 WARNING: Percentage: 0.86
- 15:41:20.866 WARNING: Position: 61,58 :: 298,278
- 15:41:20.867 WARNING: 200,200 | 2,2
- 15:41:20.867 WARNING: 200,260 | 100,25
- 15:41:20.867 WARNING: 200,230 | 2,2
- 15:41:20.867 WARNING: 200,290 | 100,25
- 15:41:20.867 WARNING: CONTROL BUTTON PRESSED!
- 15:41:20.867 WARNING: Percentage: 0.98
- 15:41:21.017 WARNING: Position: 61,58 :: 302,278
- 15:41:21.017 WARNING: 200,200 | 2,2
- 15:41:21.017 WARNING: 200,260 | 100,25
- 15:41:21.017 WARNING: 200,230 | 2,2
- 15:41:21.017 WARNING: 200,290 | 100,25
- 15:41:21.922 DEBUG: Destroyed Game Engine.
- 15:44:40.216 INFO: Loaded texture: starfield.png
- 15:44:40.217 INFO: Loaded font: sansation.ttf
- 15:44:40.225 DEBUG: Initialised Game Engine.
- 15:44:41.683 WARNING: Position: 61,58 :: 253,280
- 15:44:42.372 WARNING: Position: 61,58 :: 286,280
- 15:44:42.926 WARNING: Position: 61,58 :: 307,277
- 15:44:43.363 WARNING: Position: 61,58 :: 259,277
- 15:44:43.766 WARNING: Position: 61,58 :: 220,280
- 15:44:44.269 WARNING: Position: 61,58 :: 208,280
- 15:44:44.637 WARNING: Position: 61,58 :: 259,281
- 15:44:44.855 WARNING: Position: 61,58 :: 286,278
- 15:44:45.056 WARNING: Position: 61,58 :: 309,279
- 15:44:45.257 WARNING: Position: 61,58 :: 311,279
- 15:44:45.508 WARNING: Position: 61,58 :: 293,283
- 15:44:45.709 WARNING: Position: 61,58 :: 290,284
- 15:44:45.993 WARNING: Position: 61,58 :: 295,281
- 15:44:46.194 WARNING: Position: 61,58 :: 297,281
- 15:44:46.395 WARNING: Position: 61,58 :: 301,280
- 15:44:46.579 WARNING: Position: 61,58 :: 302,280
- 15:44:46.763 WARNING: Position: 61,58 :: 304,280
- 15:44:46.964 WARNING: Position: 61,58 :: 311,282
- 15:44:47.148 WARNING: Position: 61,58 :: 311,282
- 15:44:47.333 WARNING: Position: 61,58 :: 264,280
- 15:44:47.533 WARNING: Position: 61,58 :: 226,279
- 15:44:47.717 WARNING: Position: 61,58 :: 194,279
- 15:44:47.918 WARNING: Position: 61,58 :: 194,279
- 15:44:48.136 WARNING: Position: 61,58 :: 224,279
- 15:44:48.320 WARNING: Position: 61,58 :: 253,282
- 15:44:48.521 WARNING: Position: 61,58 :: 296,278
- 15:44:48.739 WARNING: Position: 61,58 :: 297,278
- 15:44:48.956 WARNING: Position: 61,58 :: 303,278
- 15:44:49.157 WARNING: Position: 61,58 :: 305,279
- 15:44:49.375 WARNING: Position: 61,58 :: 304,280
- 15:44:49.609 WARNING: Position: 61,58 :: 267,280
- 15:44:49.810 WARNING: Position: 61,58 :: 230,283
- 15:44:50.011 WARNING: Position: 61,58 :: 208,282
- 15:44:50.191 WARNING: Position: 61,58 :: 202,282
- 15:44:50.392 WARNING: Position: 61,58 :: 201,282
- 15:44:50.576 WARNING: Position: 61,58 :: 201,282
- 15:44:50.794 WARNING: Position: 61,58 :: 211,281
- 15:44:50.978 WARNING: Position: 61,58 :: 233,280
- 15:44:51.162 WARNING: Position: 61,58 :: 256,279
- 15:44:51.346 WARNING: Position: 61,58 :: 282,278
- 15:44:51.547 WARNING: Position: 61,58 :: 301,279
- 15:44:51.731 WARNING: Position: 61,58 :: 302,279
- 15:44:52.032 WARNING: Position: 61,58 :: 300,279
- 15:44:52.384 WARNING: Position: 61,58 :: 298,278
- 15:44:52.719 WARNING: Position: 61,58 :: 297,278
- 15:44:52.936 WARNING: Position: 61,58 :: 298,277
- 15:44:53.137 WARNING: Position: 61,58 :: 254,281
- 15:44:53.321 WARNING: Position: 61,58 :: 237,281
- 15:44:53.522 WARNING: Position: 61,58 :: 215,282
- 15:44:53.706 WARNING: Position: 61,58 :: 208,282
- 15:44:53.907 WARNING: Position: 61,58 :: 206,282
- 15:44:54.108 WARNING: Position: 61,58 :: 206,282
- 15:44:54.326 WARNING: Position: 61,58 :: 232,276
- 15:44:54.510 WARNING: Position: 61,58 :: 250,276
- 15:44:54.694 WARNING: Position: 61,58 :: 283,282
- 15:44:54.912 WARNING: Position: 61,58 :: 294,281
- 15:44:55.112 WARNING: Position: 61,58 :: 296,281
- 15:44:55.296 WARNING: Position: 61,58 :: 299,280
- 15:44:55.514 WARNING: Position: 61,58 :: 299,280
- 15:44:58.364 WARNING: Position: 61,58 :: 200,275
- 15:44:59.421 WARNING: Position: 61,58 :: 293,276
- 15:44:59.841 WARNING: Position: 61,58 :: 297,275
- 15:45:00.143 WARNING: Position: 61,58 :: 299,275
- 15:45:00.412 WARNING: Position: 61,58 :: 299,275
- 15:45:01.534 WARNING: Position: 61,58 :: 203,277
- 15:45:02.388 WARNING: Position: 61,58 :: 294,272
- 15:45:03.174 WARNING: Position: 61,58 :: 212,274
- 15:45:04.245 DEBUG: Destroyed Game Engine.
- 15:49:36.797 INFO: Loaded texture: starfield.png
- 15:49:36.797 INFO: Loaded font: sansation.ttf
- 15:49:36.809 DEBUG: Initialised Game Engine.
- 15:49:38.398 WARNING: Position: 61,58 :: 318,284
- 15:49:38.917 WARNING: Position: 61,58 :: 213,278
- 15:49:39.369 WARNING: Position: 61,58 :: 200,279
- 15:49:39.770 WARNING: Position: 61,58 :: 360,303
- 15:49:40.072 WARNING: Position: 61,58 :: 375,315
- 15:49:40.925 WARNING: Position: 61,58 :: 211,279
- 15:49:41.578 WARNING: Position: 61,58 :: 312,334
- 15:49:47.070 WARNING: Position: 61,58 :: 345,304
- 15:49:47.874 DEBUG: Destroyed Game Engine.
- 15:50:12.752 INFO: Loaded texture: starfield.png
- 15:50:12.752 INFO: Loaded font: sansation.ttf
- 15:50:12.761 DEBUG: Initialised Game Engine.
- 15:50:30.930 WARNING: Position: 61,58 :: 413,448
- 15:50:31.833 WARNING: Position: 61,58 :: 240,280
- 15:50:32.068 WARNING: Position: 61,58 :: 310,294
- 15:50:32.269 WARNING: Position: 61,58 :: 281,281
- 15:50:32.469 WARNING: Position: 61,58 :: 300,274
- 15:50:32.720 WARNING: Position: 61,58 :: 302,275
- 15:50:32.972 WARNING: Position: 61,58 :: 304,279
- 15:50:33.308 WARNING: Position: 61,58 :: 297,277
- 15:50:33.694 WARNING: Position: 61,58 :: 218,279
- 15:50:34.113 WARNING: Position: 61,58 :: 211,282
- 15:50:34.398 WARNING: Position: 61,58 :: 309,286
- 15:50:34.633 WARNING: Position: 61,58 :: 306,276
- 15:50:34.869 WARNING: Position: 61,58 :: 301,276
- 15:50:35.121 WARNING: Position: 61,58 :: 297,277
- 15:50:35.574 WARNING: Position: 61,58 :: 230,276
- 15:50:35.792 WARNING: Position: 61,58 :: 217,279
- 15:50:35.977 WARNING: Position: 61,58 :: 219,281
- 15:50:36.195 WARNING: Position: 61,58 :: 300,289
- 15:50:36.447 WARNING: Position: 61,58 :: 314,289
- 15:50:36.882 WARNING: Position: 61,58 :: 176,282
- 15:50:37.217 WARNING: Position: 61,58 :: 315,293
- 15:50:37.418 WARNING: Position: 61,58 :: 315,284
- 15:50:37.619 WARNING: Position: 61,58 :: 260,270
- 15:50:38.021 WARNING: Position: 61,58 :: 231,280
- 15:50:38.422 WARNING: Position: 61,58 :: 206,274
- 15:50:40.515 WARNING: Position: 61,58 :: 330,287
- 15:50:43.108 WARNING: Position: 61,58 :: 341,323
- 15:50:43.929 WARNING: Position: 61,58 :: 268,276
- 15:50:44.716 WARNING: Position: 61,58 :: 289,268
- 15:50:45.152 WARNING: Position: 61,58 :: 297,284
- 15:50:46.124 WARNING: Position: 61,58 :: 464,282
- 15:50:57.809 WARNING: Position: 61,58 :: 242,282
- 15:50:58.329 WARNING: Position: 61,58 :: 264,247
- 15:50:58.329 WARNING: BUTTON PRESSED!
- 14:19:25.409 INFO: Loaded texture: starfield.png
- 14:19:25.409 INFO: Loaded font: sansation.ttf
- 14:19:25.425 DEBUG: Initialised Game Engine.
- 14:19:26.777 WARNING: Position: 61,58 :: 202,285
- 14:19:27.414 WARNING: Position: 61,58 :: 360,285
- 14:19:28.400 DEBUG: Destroyed Game Engine.
